<?xml version="1.0" encoding="UTF-8"?>
<!-- Generated by org.testng.reporters.JUnitReportReporter -->
<testsuite hostname="Viets-Macbook-Pro-2.local" failures="0" tests="1" name="webdriver.common.testcases.EksTest" time="18.767" errors="0" timestamp="2022-07-03T14:30:18 ICT" skipped="0">
  <testcase classname="webdriver.common.testcases.EksTest" name="VerifyThatSecurityGroupsAllowsIncomingTrafficOnlyOnTCP443InGroup" time="18.767"/>
  <system-out/>
</testsuite> <!-- webdriver.common.testcases.EksTest -->
